Vivado Simulator 2018.3
Copyright 1986-1999, 2001-2018 Xilinx, Inc. All Rights Reserved.
Running: C:/Xilinx/Vivado/2018.3/bin/unwrapped/win64.o/xelab.exe -wto cd67f6c96fad4eb5a4af69b12edb443d --incr --debug typical --relax --mt 2 -L xil_defaultlib -L secureip --snapshot MixerTB_behav xil_defaultlib.MixerTB -log elaborate.log 
Using 2 slave threads.
Starting static elaboration
Completed static elaboration
Starting simulation data flow analysis
Completed simulation data flow analysis
Time Resolution for simulation is 1ps
Compiling package std.standard
Compiling package std.textio
Compiling package ieee.std_logic_1164
Compiling package ieee.numeric_std
Compiling package ieee.math_real
Compiling package xil_defaultlib.recconstants
Compiling package xil_defaultlib.testvectors
Compiling architecture lo of entity xil_defaultlib.LO [lo_default]
Compiling architecture mixer of entity xil_defaultlib.Mixer [mixer_default]
Compiling architecture bpf of entity xil_defaultlib.BPF [\BPF(n=3,r=256)\]
Compiling architecture arch of entity xil_defaultlib.PhaseDetector [phasedetector_default]
Compiling architecture tb_arch of entity xil_defaultlib.mixertb
Built simulation snapshot MixerTB_behav
