
*** Running vivado
    with args -log MixerTB.vds -m64 -product Vivado -mode batch -messageDb vivado.pb -notrace -source MixerTB.tcl


****** Vivado v2018.3 (64-bit)
  **** SW Build 2405991 on Thu Dec  6 23:38:27 MST 2018
  **** IP Build 2404404 on Fri Dec  7 01:43:56 MST 2018
    ** Copyright 1986-2018 Xilinx, Inc. All Rights Reserved.

source MixerTB.tcl -notrace
Command: synth_design -top MixerTB -part xc7k70tfbv676-1
Starting synth_design
Attempting to get a license for feature 'Synthesis' and/or device 'xc7k70t'
INFO: [Common 17-349] Got license for feature 'Synthesis' and/or device 'xc7k70t'
INFO: Launching helper process for spawning children vivado processes
INFO: Helper process launched with PID 49904 
---------------------------------------------------------------------------------
Starting Synthesize : Time (s): cpu = 00:00:02 ; elapsed = 00:00:03 . Memory (MB): peak = 358.141 ; gain = 101.020
---------------------------------------------------------------------------------
INFO: [Synth 8-638] synthesizing module 'MixerTB' [C:/Users/Soph/Documents/College/Senior/EE119c/FMReceiver/FMReceiver.srcs/sources_1/new/MixerTB.vhd:25]
INFO: [Synth 8-3491] module 'LO' declared at 'C:/Users/Soph/Documents/College/Senior/EE119c/LO.vhd:23' bound to instance 'UUT' of component 'LO' [C:/Users/Soph/Documents/College/Senior/EE119c/FMReceiver/FMReceiver.srcs/sources_1/new/MixerTB.vhd:77]
INFO: [Synth 8-638] synthesizing module 'LO' [C:/Users/Soph/Documents/College/Senior/EE119c/LO.vhd:33]
WARNING: [Synth 8-614] signal 'Reset' is read in the process but is not in the sensitivity list [C:/Users/Soph/Documents/College/Senior/EE119c/LO.vhd:39]
INFO: [Synth 8-256] done synthesizing module 'LO' (1#1) [C:/Users/Soph/Documents/College/Senior/EE119c/LO.vhd:33]
INFO: [Synth 8-3491] module 'Mixer' declared at 'C:/Users/Soph/Documents/College/Senior/EE119c/Mixer.vhd:22' bound to instance 'UUTM' of component 'Mixer' [C:/Users/Soph/Documents/College/Senior/EE119c/FMReceiver/FMReceiver.srcs/sources_1/new/MixerTB.vhd:86]
INFO: [Synth 8-638] synthesizing module 'Mixer' [C:/Users/Soph/Documents/College/Senior/EE119c/Mixer.vhd:32]
INFO: [Synth 8-256] done synthesizing module 'Mixer' (2#1) [C:/Users/Soph/Documents/College/Senior/EE119c/Mixer.vhd:32]
	Parameter N bound to: 3 - type: integer 
	Parameter R bound to: 256 - type: integer 
INFO: [Synth 8-3491] module 'BPF' declared at 'C:/Users/Soph/Documents/College/Senior/EE119c/FMReceiver/FMReceiver.srcs/sources_1/new/BPF.vhd:21' bound to instance 'UUTF' of component 'BPF' [C:/Users/Soph/Documents/College/Senior/EE119c/FMReceiver/FMReceiver.srcs/sources_1/new/MixerTB.vhd:94]
INFO: [Synth 8-638] synthesizing module 'BPF' [C:/Users/Soph/Documents/College/Senior/EE119c/FMReceiver/FMReceiver.srcs/sources_1/new/BPF.vhd:36]
	Parameter N bound to: 3 - type: integer 
	Parameter R bound to: 256 - type: integer 
WARNING: [Synth 8-614] signal 'Reset' is read in the process but is not in the sensitivity list [C:/Users/Soph/Documents/College/Senior/EE119c/FMReceiver/FMReceiver.srcs/sources_1/new/BPF.vhd:54]
WARNING: [Synth 8-614] signal 'Reset' is read in the process but is not in the sensitivity list [C:/Users/Soph/Documents/College/Senior/EE119c/FMReceiver/FMReceiver.srcs/sources_1/new/BPF.vhd:54]
WARNING: [Synth 8-614] signal 'Reset' is read in the process but is not in the sensitivity list [C:/Users/Soph/Documents/College/Senior/EE119c/FMReceiver/FMReceiver.srcs/sources_1/new/BPF.vhd:54]
WARNING: [Synth 8-614] signal 'Reset' is read in the process but is not in the sensitivity list [C:/Users/Soph/Documents/College/Senior/EE119c/FMReceiver/FMReceiver.srcs/sources_1/new/BPF.vhd:66]
WARNING: [Synth 8-614] signal 'Reset' is read in the process but is not in the sensitivity list [C:/Users/Soph/Documents/College/Senior/EE119c/FMReceiver/FMReceiver.srcs/sources_1/new/BPF.vhd:78]
WARNING: [Synth 8-614] signal 'Reset' is read in the process but is not in the sensitivity list [C:/Users/Soph/Documents/College/Senior/EE119c/FMReceiver/FMReceiver.srcs/sources_1/new/BPF.vhd:96]
WARNING: [Synth 8-614] signal 'Reset' is read in the process but is not in the sensitivity list [C:/Users/Soph/Documents/College/Senior/EE119c/FMReceiver/FMReceiver.srcs/sources_1/new/BPF.vhd:96]
WARNING: [Synth 8-614] signal 'Reset' is read in the process but is not in the sensitivity list [C:/Users/Soph/Documents/College/Senior/EE119c/FMReceiver/FMReceiver.srcs/sources_1/new/BPF.vhd:96]
INFO: [Synth 8-256] done synthesizing module 'BPF' (3#1) [C:/Users/Soph/Documents/College/Senior/EE119c/FMReceiver/FMReceiver.srcs/sources_1/new/BPF.vhd:36]
WARNING: [Synth 8-312] ignoring unsynthesizable construct: wait statement with no conditon [C:/Users/Soph/Documents/College/Senior/EE119c/FMReceiver/FMReceiver.srcs/sources_1/new/MixerTB.vhd:119]
WARNING: [Synth 8-312] ignoring unsynthesizable construct: wait statement with no conditon [C:/Users/Soph/Documents/College/Senior/EE119c/FMReceiver/FMReceiver.srcs/sources_1/new/MixerTB.vhd:123]
WARNING: [Synth 8-312] ignoring unsynthesizable construct: wait statement with no conditon [C:/Users/Soph/Documents/College/Senior/EE119c/FMReceiver/FMReceiver.srcs/sources_1/new/MixerTB.vhd:128]
WARNING: [Synth 8-312] ignoring unsynthesizable construct: wait statement with no conditon [C:/Users/Soph/Documents/College/Senior/EE119c/FMReceiver/FMReceiver.srcs/sources_1/new/MixerTB.vhd:130]
WARNING: [Synth 8-312] ignoring unsynthesizable construct: wait statement with no conditon [C:/Users/Soph/Documents/College/Senior/EE119c/FMReceiver/FMReceiver.srcs/sources_1/new/MixerTB.vhd:135]
WARNING: [Synth 8-312] ignoring unsynthesizable construct: wait statement with no conditon [C:/Users/Soph/Documents/College/Senior/EE119c/FMReceiver/FMReceiver.srcs/sources_1/new/MixerTB.vhd:148]
INFO: [Synth 8-256] done synthesizing module 'MixerTB' (4#1) [C:/Users/Soph/Documents/College/Senior/EE119c/FMReceiver/FMReceiver.srcs/sources_1/new/MixerTB.vhd:25]
---------------------------------------------------------------------------------
Finished Synthesize : Time (s): cpu = 00:00:24 ; elapsed = 00:00:25 . Memory (MB): peak = 421.305 ; gain = 164.184
---------------------------------------------------------------------------------
---------------------------------------------------------------------------------
Finished Constraint Validation : Time (s): cpu = 00:00:24 ; elapsed = 00:00:25 . Memory (MB): peak = 421.305 ; gain = 164.184
---------------------------------------------------------------------------------
---------------------------------------------------------------------------------
Start Loading Part and Timing Information
---------------------------------------------------------------------------------
Loading part: xc7k70tfbv676-1
---------------------------------------------------------------------------------
Finished Loading Part and Timing Information : Time (s): cpu = 00:00:24 ; elapsed = 00:00:25 . Memory (MB): peak = 421.305 ; gain = 164.184
INFO: [Device 21-403] Loading part xc7k70tfbv676-1
---------------------------------------------------------------------------------
INFO: [Synth 8-5546] ROM "CombS[0]" won't be mapped to RAM because it is too sparse
WARNING: [Synth 8-327] inferring latch for variable 'Clk_reg' [C:/Users/Soph/Documents/College/Senior/EE119c/FMReceiver/FMReceiver.srcs/sources_1/new/MixerTB.vhd:79]
---------------------------------------------------------------------------------
Finished RTL Optimization Phase 2 : Time (s): cpu = 00:00:24 ; elapsed = 00:00:25 . Memory (MB): peak = 421.305 ; gain = 164.184
---------------------------------------------------------------------------------

Report RTL Partitions: 
+-+--------------+------------+----------+
| |RTL Partition |Replication |Instances |
+-+--------------+------------+----------+
+-+--------------+------------+----------+
No constraint files found.
---------------------------------------------------------------------------------
Start RTL Component Statistics 
---------------------------------------------------------------------------------
Detailed RTL Component Info : 
+---Adders : 
	   3 Input     40 Bit       Adders := 1     
	   4 Input     40 Bit       Adders := 1     
	   5 Input     40 Bit       Adders := 1     
	   2 Input     11 Bit       Adders := 2     
	   2 Input      7 Bit       Adders := 1     
+---Registers : 
	               40 Bit    Registers := 4     
	               16 Bit    Registers := 1     
	               11 Bit    Registers := 1     
	                7 Bit    Registers := 1     
	                1 Bit    Registers := 1     
+---Muxes : 
	   2 Input     16 Bit        Muxes := 1     
	   2 Input      1 Bit        Muxes := 1     
---------------------------------------------------------------------------------
Finished RTL Component Statistics 
---------------------------------------------------------------------------------
---------------------------------------------------------------------------------
Start RTL Hierarchical Component Statistics 
---------------------------------------------------------------------------------
Hierarchical RTL Component report 
Module LO 
Detailed RTL Component Info : 
+---Adders : 
	   2 Input     11 Bit       Adders := 2     
+---Registers : 
	               11 Bit    Registers := 1     
	                1 Bit    Registers := 1     
Module Mixer 
Detailed RTL Component Info : 
+---Registers : 
	               16 Bit    Registers := 1     
+---Muxes : 
	   2 Input     16 Bit        Muxes := 1     
Module BPF 
Detailed RTL Component Info : 
+---Adders : 
	   3 Input     40 Bit       Adders := 1     
	   4 Input     40 Bit       Adders := 1     
	   5 Input     40 Bit       Adders := 1     
	   2 Input      7 Bit       Adders := 1     
+---Registers : 
	               40 Bit    Registers := 4     
	                7 Bit    Registers := 1     
+---Muxes : 
	   2 Input      1 Bit        Muxes := 1     
---------------------------------------------------------------------------------
Finished RTL Hierarchical Component Statistics
---------------------------------------------------------------------------------
---------------------------------------------------------------------------------
Start Part Resource Summary
---------------------------------------------------------------------------------
Part Resources:
DSPs: 240 (col length:80)
BRAMs: 270 (col length: RAMB18 80 RAMB36 40)
---------------------------------------------------------------------------------
Finished Part Resource Summary
---------------------------------------------------------------------------------
No constraint files found.
---------------------------------------------------------------------------------
Start Cross Boundary and Area Optimization
---------------------------------------------------------------------------------
Warning: Parallel synthesis criteria is not met 
INFO: [Synth 8-5546] ROM "UUTF/CombS[0]" won't be mapped to RAM because it is too sparse
---------------------------------------------------------------------------------
Finished Cross Boundary and Area Optimization : Time (s): cpu = 00:00:27 ; elapsed = 00:00:28 . Memory (MB): peak = 535.605 ; gain = 278.484
---------------------------------------------------------------------------------
---------------------------------------------------------------------------------
Start ROM, RAM, DSP and Shift Register Reporting
---------------------------------------------------------------------------------

ROM:
+------------+----------------+---------------+----------------+
|Module Name | RTL Object     | Depth x Width | Implemented As | 
+------------+----------------+---------------+----------------+
|LO          | COUNT_TABLE[0] | 128x9         | LUT            | 
+------------+----------------+---------------+----------------+

---------------------------------------------------------------------------------
Finished ROM, RAM, DSP and Shift Register Reporting
---------------------------------------------------------------------------------

Report RTL Partitions: 
+-+--------------+------------+----------+
| |RTL Partition |Replication |Instances |
+-+--------------+------------+----------+
+-+--------------+------------+----------+
No constraint files found.
---------------------------------------------------------------------------------
Start Timing Optimization
---------------------------------------------------------------------------------
---------------------------------------------------------------------------------
Finished Timing Optimization : Time (s): cpu = 00:00:27 ; elapsed = 00:00:28 . Memory (MB): peak = 535.605 ; gain = 278.484
---------------------------------------------------------------------------------

Report RTL Partitions: 
+-+--------------+------------+----------+
| |RTL Partition |Replication |Instances |
+-+--------------+------------+----------+
+-+--------------+------------+----------+
---------------------------------------------------------------------------------
Start Technology Mapping
---------------------------------------------------------------------------------
---------------------------------------------------------------------------------
Finished Technology Mapping : Time (s): cpu = 00:00:27 ; elapsed = 00:00:28 . Memory (MB): peak = 535.605 ; gain = 278.484
---------------------------------------------------------------------------------

Report RTL Partitions: 
+-+--------------+------------+----------+
| |RTL Partition |Replication |Instances |
+-+--------------+------------+----------+
+-+--------------+------------+----------+
---------------------------------------------------------------------------------
Start IO Insertion
---------------------------------------------------------------------------------
---------------------------------------------------------------------------------
Start Flattening Before IO Insertion
---------------------------------------------------------------------------------
---------------------------------------------------------------------------------
Finished Flattening Before IO Insertion
---------------------------------------------------------------------------------
---------------------------------------------------------------------------------
Start Final Netlist Cleanup
---------------------------------------------------------------------------------
---------------------------------------------------------------------------------
Finished Final Netlist Cleanup
---------------------------------------------------------------------------------
---------------------------------------------------------------------------------
Finished IO Insertion : Time (s): cpu = 00:00:29 ; elapsed = 00:00:29 . Memory (MB): peak = 535.605 ; gain = 278.484
---------------------------------------------------------------------------------

Report Check Netlist: 
+------+------------------+-------+---------+-------+------------------+
|      |Item              |Errors |Warnings |Status |Description       |
+------+------------------+-------+---------+-------+------------------+
|1     |multi_driven_nets |      0|        0|Passed |Multi driven nets |
+------+------------------+-------+---------+-------+------------------+
---------------------------------------------------------------------------------
Start Renaming Generated Instances
---------------------------------------------------------------------------------
---------------------------------------------------------------------------------
Finished Renaming Generated Instances : Time (s): cpu = 00:00:29 ; elapsed = 00:00:29 . Memory (MB): peak = 535.605 ; gain = 278.484
---------------------------------------------------------------------------------

Report RTL Partitions: 
+-+--------------+------------+----------+
| |RTL Partition |Replication |Instances |
+-+--------------+------------+----------+
+-+--------------+------------+----------+
---------------------------------------------------------------------------------
Start Rebuilding User Hierarchy
---------------------------------------------------------------------------------
---------------------------------------------------------------------------------
Finished Rebuilding User Hierarchy : Time (s): cpu = 00:00:29 ; elapsed = 00:00:29 . Memory (MB): peak = 535.605 ; gain = 278.484
---------------------------------------------------------------------------------
---------------------------------------------------------------------------------
Start Renaming Generated Ports
---------------------------------------------------------------------------------
---------------------------------------------------------------------------------
Finished Renaming Generated Ports : Time (s): cpu = 00:00:29 ; elapsed = 00:00:29 . Memory (MB): peak = 535.605 ; gain = 278.484
---------------------------------------------------------------------------------
---------------------------------------------------------------------------------
Start Handling Custom Attributes
---------------------------------------------------------------------------------
---------------------------------------------------------------------------------
Finished Handling Custom Attributes : Time (s): cpu = 00:00:29 ; elapsed = 00:00:29 . Memory (MB): peak = 535.605 ; gain = 278.484
---------------------------------------------------------------------------------
---------------------------------------------------------------------------------
Start Renaming Generated Nets
---------------------------------------------------------------------------------
---------------------------------------------------------------------------------
Finished Renaming Generated Nets : Time (s): cpu = 00:00:29 ; elapsed = 00:00:29 . Memory (MB): peak = 535.605 ; gain = 278.484
---------------------------------------------------------------------------------
---------------------------------------------------------------------------------
Start Writing Synthesis Report
---------------------------------------------------------------------------------

Report BlackBoxes: 
+-+--------------+----------+
| |BlackBox name |Instances |
+-+--------------+----------+
+-+--------------+----------+

Report Cell Usage: 
+-+-----+------+
| |Cell |Count |
+-+-----+------+
+-+-----+------+

Report Instance Areas: 
+------+---------+-------+------+
|      |Instance |Module |Cells |
+------+---------+-------+------+
|1     |top      |       |     0|
+------+---------+-------+------+
---------------------------------------------------------------------------------
Finished Writing Synthesis Report : Time (s): cpu = 00:00:29 ; elapsed = 00:00:29 . Memory (MB): peak = 535.605 ; gain = 278.484
---------------------------------------------------------------------------------
Synthesis finished with 0 errors, 0 critical warnings and 16 warnings.
Synthesis Optimization Runtime : Time (s): cpu = 00:00:29 ; elapsed = 00:00:29 . Memory (MB): peak = 535.605 ; gain = 278.484
Synthesis Optimization Complete : Time (s): cpu = 00:00:29 ; elapsed = 00:00:29 . Memory (MB): peak = 535.605 ; gain = 278.484
INFO: [Project 1-571] Translating synthesized netlist
INFO: [Project 1-570] Preparing netlist for logic optimization
INFO: [Opt 31-138] Pushed 0 inverter(s) to 0 load pin(s).
Netlist sorting complete. Time (s): cpu = 00:00:00 ; elapsed = 00:00:00 . Memory (MB): peak = 643.082 ; gain = 0.000
INFO: [Project 1-111] Unisim Transformation Summary:
No Unisim elements were transformed.

INFO: [Common 17-83] Releasing license: Synthesis
20 Infos, 16 Warnings, 0 Critical Warnings and 0 Errors encountered.
synth_design completed successfully
synth_design: Time (s): cpu = 00:00:33 ; elapsed = 00:00:35 . Memory (MB): peak = 643.082 ; gain = 389.855
Netlist sorting complete. Time (s): cpu = 00:00:00 ; elapsed = 00:00:00 . Memory (MB): peak = 643.082 ; gain = 0.000
WARNING: [Constraints 18-5210] No constraints selected for write.
Resolution: This message can indicate that there are no constraints for the design, or it can indicate that the used_in flags are set such that the constraints are ignored. This later case is used when running synth_design to not write synthesis constraints to the resulting checkpoint. Instead, project constraints are read when the synthesized design is opened.
INFO: [Common 17-1381] The checkpoint 'C:/Users/Soph/Documents/College/Senior/EE119c/FMReceiver/FMReceiver.runs/synth_1/MixerTB.dcp' has been generated.
INFO: [runtcl-4] Executing : report_utilization -file MixerTB_utilization_synth.rpt -pb MixerTB_utilization_synth.pb
INFO: [Common 17-206] Exiting Vivado at Fri May  3 01:16:43 2019...
